# JRE version: OpenJDK Runtime Environment Temurin-17.0.1+12 (17.0.1+12) (build 17.0.1+12)
# Java VM: OpenJDK 64-Bit Server VM Temurin-17.0.1+12 (17.0.1+12, mixed mode, sharing, tiered, compressed oops, compressed class ptrs, g1 gc, windows-amd64)
GC Precious Log:
 CPUs: 4 total, 4 available
 Memory: 4027M
 Large Page Support: Disabled
 NUMA Support: Disabled
 Compressed Oops: Enabled (32-bit)
 Heap Region Size: 1M
 Heap Min Capacity: 8M
 Heap Initial Capacity: 64M
 Heap Max Capacity: 1008M
 Pre-touch: Disabled
 Parallel Workers: 4
 Concurrent Workers: 1
 Concurrent Refinement Workers: 4
 Periodic GC: Disabled
Heap:
 garbage-first heap   total 65536K, used 36119K [0x00000000c1000000, 0x0000000100000000)
  region size 1024K, 30 young (30720K), 3 survivors (3072K)
 Metaspace       used 20834K, committed 21120K, reserved 1073152K
  class space    used 2573K, committed 2688K, reserved 1048576K
GC Heap History (12 events):
Event: 3.824 GC heap before
{Heap before GC invocations=0 (full 0):
 garbage-first heap   total 65536K, used 14336K [0x00000000c1000000, 0x0000000100000000)
  region size 1024K, 13 young (13312K), 0 survivors (0K)
 Metaspace       used 2578K, committed 2688K, reserved 1056768K
  class space    used 250K, committed 320K, reserved 1048576K
}
Event: 3.830 GC heap after
{Heap after GC invocations=1 (full 0):
 garbage-first heap   total 65536K, used 5968K [0x00000000c1000000, 0x0000000100000000)
  region size 1024K, 2 young (2048K), 2 survivors (2048K)
 Metaspace       used 2578K, committed 2688K, reserved 1056768K
  class space    used 250K, committed 320K, reserved 1048576K
}
Event: 6.754 GC heap before
{Heap before GC invocations=1 (full 0):
 garbage-first heap   total 65536K, used 16208K [0x00000000c1000000, 0x0000000100000000)
  region size 1024K, 13 young (13312K), 2 survivors (2048K)
 Metaspace       used 4146K, committed 4352K, reserved 1056768K
  class space    used 443K, committed 576K, reserved 1048576K
}
Event: 6.759 GC heap after
{Heap after GC invocations=2 (full 0):
 garbage-first heap   total 65536K, used 6588K [0x00000000c1000000, 0x0000000100000000)
  region size 1024K, 1 young (1024K), 1 survivors (1024K)
 Metaspace       used 4146K, committed 4352K, reserved 1056768K
  class space    used 443K, committed 576K, reserved 1048576K
}
Event: 6.771 GC heap before
{Heap before GC invocations=2 (full 0):
 garbage-first heap   total 65536K, used 27068K [0x00000000c1000000, 0x0000000100000000)
  region size 1024K, 22 young (22528K), 1 survivors (1024K)
 Metaspace       used 4146K, committed 4352K, reserved 1056768K
  class space    used 443K, committed 576K, reserved 1048576K
}
Event: 6.773 GC heap after
{Heap after GC invocations=3 (full 0):
 garbage-first heap   total 65536K, used 6487K [0x00000000c1000000, 0x0000000100000000)
  region size 1024K, 1 young (1024K), 1 survivors (1024K)
 Metaspace       used 4146K, committed 4352K, reserved 1056768K
  class space    used 443K, committed 576K, reserved 1048576K
}
Event: 16.068 GC heap before
{Heap before GC invocations=3 (full 0):
 garbage-first heap   total 65536K, used 43351K [0x00000000c1000000, 0x0000000100000000)
  region size 1024K, 38 young (38912K), 1 survivors (1024K)
 Metaspace       used 10471K, committed 10688K, reserved 1064960K
  class space    used 1279K, committed 1408K, reserved 1048576K
}
Event: 16.071 GC heap after
{Heap after GC invocations=4 (full 0):
 garbage-first heap   total 65536K, used 8011K [0x00000000c1000000, 0x0000000100000000)
  region size 1024K, 2 young (2048K), 2 survivors (2048K)
 Metaspace       used 10471K, committed 10688K, reserved 1064960K
  class space    used 1279K, committed 1408K, reserved 1048576K
}
Event: 18.573 GC heap before
{Heap before GC invocations=4 (full 0):
 garbage-first heap   total 65536K, used 43851K [0x00000000c1000000, 0x0000000100000000)
  region size 1024K, 38 young (38912K), 2 survivors (2048K)
 Metaspace       used 15395K, committed 15616K, reserved 1064960K
  class space    used 1894K, committed 1984K, reserved 1048576K
}
Event: 18.577 GC heap after
{Heap after GC invocations=5 (full 0):
 garbage-first heap   total 65536K, used 9366K [0x00000000c1000000, 0x0000000100000000)
  region size 1024K, 4 young (4096K), 4 survivors (4096K)
 Metaspace       used 15395K, committed 15616K, reserved 1064960K
  class space    used 1894K, committed 1984K, reserved 1048576K
}
Event: 20.996 GC heap before
{Heap before GC invocations=5 (full 0):
 garbage-first heap   total 65536K, used 43158K [0x00000000c1000000, 0x0000000100000000)
  region size 1024K, 38 young (38912K), 4 survivors (4096K)
 Metaspace       used 16984K, committed 17216K, reserved 1064960K
  class space    used 2054K, committed 2176K, reserved 1048576K
}
Event: 21.000 GC heap after
{Heap after GC invocations=6 (full 0):
 garbage-first heap   total 65536K, used 10519K [0x00000000c1000000, 0x0000000100000000)
  region size 1024K, 3 young (3072K), 3 survivors (3072K)
 Metaspace       used 16984K, committed 17216K, reserved 1064960K
  class space    used 2054K, committed 2176K, reserved 1048576K
}

