# JRE version: OpenJDK Runtime Environment Temurin-17.0.1+12 (17.0.1+12) (build 17.0.1+12)
# Java VM: OpenJDK 64-Bit Server VM Temurin-17.0.1+12 (17.0.1+12, mixed mode, sharing, tiered, compressed oops, compressed class ptrs, g1 gc, windows-amd64)
GC Precious Log:
 CPUs: 4 total, 4 available
 Memory: 4027M
 Large Page Support: Disabled
 NUMA Support: Disabled
 Compressed Oops: Enabled (32-bit)
 Heap Region Size: 1M
 Heap Min Capacity: 8M
 Heap Initial Capacity: 64M
 Heap Max Capacity: 1008M
 Pre-touch: Disabled
 Parallel Workers: 4
 Concurrent Workers: 1
 Concurrent Refinement Workers: 4
 Periodic GC: Disabled
Heap:
 garbage-first heap   total 108544K, used 65002K [0x00000000c1000000, 0x0000000100000000)
  region size 1024K, 49 young (50176K), 1 survivors (1024K)
 Metaspace       used 33455K, committed 33728K, reserved 1081344K
  class space    used 4130K, committed 4288K, reserved 1048576K
GC Heap History (20 events):
Event: 42.012 GC heap before
{Heap before GC invocations=2 (full 0):
 garbage-first heap   total 65536K, used 27927K [0x00000000c1000000, 0x0000000100000000)
  region size 1024K, 22 young (22528K), 1 survivors (1024K)
 Metaspace       used 4077K, committed 4224K, reserved 1056768K
  class space    used 430K, committed 512K, reserved 1048576K
}
Event: 42.014 GC heap after
{Heap after GC invocations=3 (full 0):
 garbage-first heap   total 65536K, used 7575K [0x00000000c1000000, 0x0000000100000000)
  region size 1024K, 1 young (1024K), 1 survivors (1024K)
 Metaspace       used 4077K, committed 4224K, reserved 1056768K
  class space    used 430K, committed 512K, reserved 1048576K
}
Event: 62.198 GC heap before
{Heap before GC invocations=3 (full 0):
 garbage-first heap   total 65536K, used 40343K [0x00000000c1000000, 0x0000000100000000)
  region size 1024K, 34 young (34816K), 1 survivors (1024K)
 Metaspace       used 8450K, committed 8704K, reserved 1056768K
  class space    used 1042K, committed 1152K, reserved 1048576K
}
Event: 62.202 GC heap after
{Heap after GC invocations=4 (full 0):
 garbage-first heap   total 65536K, used 8693K [0x00000000c1000000, 0x0000000100000000)
  region size 1024K, 2 young (2048K), 2 survivors (2048K)
 Metaspace       used 8450K, committed 8704K, reserved 1056768K
  class space    used 1042K, committed 1152K, reserved 1048576K
}
Event: 92.901 GC heap before
{Heap before GC invocations=4 (full 0):
 garbage-first heap   total 65536K, used 44533K [0x00000000c1000000, 0x0000000100000000)
  region size 1024K, 38 young (38912K), 2 survivors (2048K)
 Metaspace       used 17419K, committed 17664K, reserved 1064960K
  class space    used 2189K, committed 2304K, reserved 1048576K
}
Event: 92.908 GC heap after
{Heap after GC invocations=5 (full 0):
 garbage-first heap   total 65536K, used 10604K [0x00000000c1000000, 0x0000000100000000)
  region size 1024K, 4 young (4096K), 4 survivors (4096K)
 Metaspace       used 17419K, committed 17664K, reserved 1064960K
  class space    used 2189K, committed 2304K, reserved 1048576K
}
Event: 92.916 GC heap before
{Heap before GC invocations=5 (full 0):
 garbage-first heap   total 65536K, used 44396K [0x00000000c1000000, 0x0000000100000000)
  region size 1024K, 38 young (38912K), 4 survivors (4096K)
 Metaspace       used 17420K, committed 17664K, reserved 1064960K
  class space    used 2189K, committed 2304K, reserved 1048576K
}
Event: 92.921 GC heap after
{Heap after GC invocations=6 (full 0):
 garbage-first heap   total 65536K, used 10876K [0x00000000c1000000, 0x0000000100000000)
  region size 1024K, 3 young (3072K), 3 survivors (3072K)
 Metaspace       used 17420K, committed 17664K, reserved 1064960K
  class space    used 2189K, committed 2304K, reserved 1048576K
}
Event: 158.767 GC heap before
{Heap before GC invocations=6 (full 0):
 garbage-first heap   total 65536K, used 46716K [0x00000000c1000000, 0x0000000100000000)
  region size 1024K, 38 young (38912K), 3 survivors (3072K)
 Metaspace       used 21124K, committed 21440K, reserved 1073152K
  class space    used 2650K, committed 2816K, reserved 1048576K
}
Event: 158.773 GC heap after
{Heap after GC invocations=7 (full 0):
 garbage-first heap   total 65536K, used 12610K [0x00000000c1000000, 0x0000000100000000)
  region size 1024K, 4 young (4096K), 4 survivors (4096K)
 Metaspace       used 21124K, committed 21440K, reserved 1073152K
  class space    used 2650K, committed 2816K, reserved 1048576K
}
Event: 159.890 GC heap before
{Heap before GC invocations=7 (full 0):
 garbage-first heap   total 65536K, used 13634K [0x00000000c1000000, 0x0000000100000000)
  region size 1024K, 6 young (6144K), 4 survivors (4096K)
 Metaspace       used 21261K, committed 21504K, reserved 1073152K
  class space    used 2668K, committed 2816K, reserved 1048576K
}
Event: 159.902 GC heap after
{Heap after GC invocations=8 (full 0):
 garbage-first heap   total 65536K, used 12818K [0x00000000c1000000, 0x0000000100000000)
  region size 1024K, 3 young (3072K), 3 survivors (3072K)
 Metaspace       used 21261K, committed 21504K, reserved 1073152K
  class space    used 2668K, committed 2816K, reserved 1048576K
}
Event: 203.364 GC heap before
{Heap before GC invocations=9 (full 0):
 garbage-first heap   total 51200K, used 39442K [0x00000000c1000000, 0x0000000100000000)
  region size 1024K, 30 young (30720K), 3 survivors (3072K)
 Metaspace       used 27308K, committed 27648K, reserved 1081344K
  class space    used 3473K, committed 3648K, reserved 1048576K
}
Event: 203.375 GC heap after
{Heap after GC invocations=10 (full 0):
 garbage-first heap   total 51200K, used 15500K [0x00000000c1000000, 0x0000000100000000)
  region size 1024K, 4 young (4096K), 4 survivors (4096K)
 Metaspace       used 27308K, committed 27648K, reserved 1081344K
  class space    used 3473K, committed 3648K, reserved 1048576K
}
Event: 204.018 GC heap before
{Heap before GC invocations=10 (full 0):
 garbage-first heap   total 51200K, used 35980K [0x00000000c1000000, 0x0000000100000000)
  region size 1024K, 25 young (25600K), 4 survivors (4096K)
 Metaspace       used 27322K, committed 27648K, reserved 1081344K
  class space    used 3473K, committed 3648K, reserved 1048576K
}
Event: 204.024 GC heap after
{Heap after GC invocations=11 (full 0):
 garbage-first heap   total 51200K, used 16036K [0x00000000c1000000, 0x0000000100000000)
  region size 1024K, 1 young (1024K), 1 survivors (1024K)
 Metaspace       used 27322K, committed 27648K, reserved 1081344K
  class space    used 3473K, committed 3648K, reserved 1048576K
}
Event: 204.036 GC heap before
{Heap before GC invocations=11 (full 0):
 garbage-first heap   total 51200K, used 36516K [0x00000000c1000000, 0x0000000100000000)
  region size 1024K, 22 young (22528K), 1 survivors (1024K)
 Metaspace       used 27325K, committed 27648K, reserved 1081344K
  class space    used 3473K, committed 3648K, reserved 1048576K
}
Event: 204.037 GC heap after
{Heap after GC invocations=12 (full 0):
 garbage-first heap   total 51200K, used 15668K [0x00000000c1000000, 0x0000000100000000)
  region size 1024K, 1 young (1024K), 1 survivors (1024K)
 Metaspace       used 27325K, committed 27648K, reserved 1081344K
  class space    used 3473K, committed 3648K, reserved 1048576K
}
Event: 212.294 GC heap before
{Heap before GC invocations=12 (full 0):
 garbage-first heap   total 51200K, used 37172K [0x00000000c1000000, 0x0000000100000000)
  region size 1024K, 23 young (23552K), 1 survivors (1024K)
 Metaspace       used 27837K, committed 28096K, reserved 1081344K
  class space    used 3522K, committed 3648K, reserved 1048576K
}
Event: 212.297 GC heap after
{Heap after GC invocations=13 (full 0):
 garbage-first heap   total 108544K, used 15850K [0x00000000c1000000, 0x0000000100000000)
  region size 1024K, 1 young (1024K), 1 survivors (1024K)
 Metaspace       used 27837K, committed 28096K, reserved 1081344K
  class space    used 3522K, committed 3648K, reserved 1048576K
}

