# JRE version: OpenJDK Runtime Environment Temurin-17.0.2+8 (17.0.2+8) (build 17.0.2+8)
# Java VM: OpenJDK 64-Bit Server VM Temurin-17.0.2+8 (17.0.2+8, mixed mode, emulated-client, tiered, compressed oops, compressed class ptrs, g1 gc, windows-amd64)
GC Precious Log:
 CPUs: 4 total, 4 available
 Memory: 4027M
 Large Page Support: Disabled
 NUMA Support: Disabled
 Compressed Oops: Enabled (32-bit)
 Heap Region Size: 1M
 Heap Min Capacity: 8M
 Heap Initial Capacity: 64M
 Heap Max Capacity: 1008M
 Pre-touch: Disabled
 Parallel Workers: 4
 Concurrent Workers: 1
 Concurrent Refinement Workers: 4
 Periodic GC: Disabled
Heap:
 garbage-first heap   total 37888K, used 10482K [0x00000000c1000000, 0x0000000100000000)
  region size 1024K, 1 young (1024K), 0 survivors (0K)
 Metaspace       used 30925K, committed 31360K, reserved 1081344K
  class space    used 4200K, committed 4352K, reserved 1048576K
GC Heap History (20 events):
Event: 1820.834 GC heap before
{Heap before GC invocations=129 (full 121):
 garbage-first heap   total 37888K, used 10482K [0x00000000c1000000, 0x0000000100000000)
  region size 1024K, 1 young (1024K), 0 survivors (0K)
 Metaspace       used 30925K, committed 31360K, reserved 1081344K
  class space    used 4200K, committed 4352K, reserved 1048576K
}
Event: 1820.855 GC heap after
{Heap after GC invocations=130 (full 122):
 garbage-first heap   total 37888K, used 10482K [0x00000000c1000000, 0x0000000100000000)
  region size 1024K, 0 young (0K), 0 survivors (0K)
 Metaspace       used 30925K, committed 31360K, reserved 1081344K
  class space    used 4200K, committed 4352K, reserved 1048576K
}
Event: 1831.482 GC heap before
{Heap before GC invocations=130 (full 122):
 garbage-first heap   total 37888K, used 10482K [0x00000000c1000000, 0x0000000100000000)
  region size 1024K, 1 young (1024K), 0 survivors (0K)
 Metaspace       used 30925K, committed 31360K, reserved 1081344K
  class space    used 4200K, committed 4352K, reserved 1048576K
}
Event: 1831.503 GC heap after
{Heap after GC invocations=131 (full 123):
 garbage-first heap   total 37888K, used 10482K [0x00000000c1000000, 0x0000000100000000)
  region size 1024K, 0 young (0K), 0 survivors (0K)
 Metaspace       used 30925K, committed 31360K, reserved 1081344K
  class space    used 4200K, committed 4352K, reserved 1048576K
}
Event: 1841.720 GC heap before
{Heap before GC invocations=131 (full 123):
 garbage-first heap   total 37888K, used 10482K [0x00000000c1000000, 0x0000000100000000)
  region size 1024K, 1 young (1024K), 0 survivors (0K)
 Metaspace       used 30925K, committed 31360K, reserved 1081344K
  class space    used 4200K, committed 4352K, reserved 1048576K
}
Event: 1841.742 GC heap after
{Heap after GC invocations=132 (full 124):
 garbage-first heap   total 37888K, used 10482K [0x00000000c1000000, 0x0000000100000000)
  region size 1024K, 0 young (0K), 0 survivors (0K)
 Metaspace       used 30925K, committed 31360K, reserved 1081344K
  class space    used 4200K, committed 4352K, reserved 1048576K
}
Event: 1852.014 GC heap before
{Heap before GC invocations=132 (full 124):
 garbage-first heap   total 37888K, used 10482K [0x00000000c1000000, 0x0000000100000000)
  region size 1024K, 1 young (1024K), 0 survivors (0K)
 Metaspace       used 30925K, committed 31360K, reserved 1081344K
  class space    used 4200K, committed 4352K, reserved 1048576K
}
Event: 1852.035 GC heap after
{Heap after GC invocations=133 (full 125):
 garbage-first heap   total 37888K, used 10482K [0x00000000c1000000, 0x0000000100000000)
  region size 1024K, 0 young (0K), 0 survivors (0K)
 Metaspace       used 30925K, committed 31360K, reserved 1081344K
  class space    used 4200K, committed 4352K, reserved 1048576K
}
Event: 1862.182 GC heap before
{Heap before GC invocations=133 (full 125):
 garbage-first heap   total 37888K, used 10482K [0x00000000c1000000, 0x0000000100000000)
  region size 1024K, 1 young (1024K), 0 survivors (0K)
 Metaspace       used 30925K, committed 31360K, reserved 1081344K
  class space    used 4200K, committed 4352K, reserved 1048576K
}
Event: 1862.204 GC heap after
{Heap after GC invocations=134 (full 126):
 garbage-first heap   total 37888K, used 10482K [0x00000000c1000000, 0x0000000100000000)
  region size 1024K, 0 young (0K), 0 survivors (0K)
 Metaspace       used 30925K, committed 31360K, reserved 1081344K
  class space    used 4200K, committed 4352K, reserved 1048576K
}
Event: 1873.355 GC heap before
{Heap before GC invocations=134 (full 126):
 garbage-first heap   total 37888K, used 10482K [0x00000000c1000000, 0x0000000100000000)
  region size 1024K, 1 young (1024K), 0 survivors (0K)
 Metaspace       used 30925K, committed 31360K, reserved 1081344K
  class space    used 4200K, committed 4352K, reserved 1048576K
}
Event: 1873.381 GC heap after
{Heap after GC invocations=135 (full 127):
 garbage-first heap   total 37888K, used 10482K [0x00000000c1000000, 0x0000000100000000)
  region size 1024K, 0 young (0K), 0 survivors (0K)
 Metaspace       used 30925K, committed 31360K, reserved 1081344K
  class space    used 4200K, committed 4352K, reserved 1048576K
}
Event: 1884.929 GC heap before
{Heap before GC invocations=135 (full 127):
 garbage-first heap   total 37888K, used 10482K [0x00000000c1000000, 0x0000000100000000)
  region size 1024K, 1 young (1024K), 0 survivors (0K)
 Metaspace       used 30925K, committed 31360K, reserved 1081344K
  class space    used 4200K, committed 4352K, reserved 1048576K
}
Event: 1884.951 GC heap after
{Heap after GC invocations=136 (full 128):
 garbage-first heap   total 37888K, used 10482K [0x00000000c1000000, 0x0000000100000000)
  region size 1024K, 0 young (0K), 0 survivors (0K)
 Metaspace       used 30925K, committed 31360K, reserved 1081344K
  class space    used 4200K, committed 4352K, reserved 1048576K
}
Event: 1895.596 GC heap before
{Heap before GC invocations=136 (full 128):
 garbage-first heap   total 37888K, used 10482K [0x00000000c1000000, 0x0000000100000000)
  region size 1024K, 1 young (1024K), 0 survivors (0K)
 Metaspace       used 30925K, committed 31360K, reserved 1081344K
  class space    used 4200K, committed 4352K, reserved 1048576K
}
Event: 1895.616 GC heap after
{Heap after GC invocations=137 (full 129):
 garbage-first heap   total 37888K, used 10482K [0x00000000c1000000, 0x0000000100000000)
  region size 1024K, 0 young (0K), 0 survivors (0K)
 Metaspace       used 30925K, committed 31360K, reserved 1081344K
  class space    used 4200K, committed 4352K, reserved 1048576K
}
Event: 1906.156 GC heap before
{Heap before GC invocations=137 (full 129):
 garbage-first heap   total 37888K, used 10482K [0x00000000c1000000, 0x0000000100000000)
  region size 1024K, 1 young (1024K), 0 survivors (0K)
 Metaspace       used 30925K, committed 31360K, reserved 1081344K
  class space    used 4200K, committed 4352K, reserved 1048576K
}
Event: 1906.182 GC heap after
{Heap after GC invocations=138 (full 130):
 garbage-first heap   total 37888K, used 10482K [0x00000000c1000000, 0x0000000100000000)
  region size 1024K, 0 young (0K), 0 survivors (0K)
 Metaspace       used 30925K, committed 31360K, reserved 1081344K
  class space    used 4200K, committed 4352K, reserved 1048576K
}
Event: 1916.605 GC heap before
{Heap before GC invocations=138 (full 130):
 garbage-first heap   total 37888K, used 10482K [0x00000000c1000000, 0x0000000100000000)
  region size 1024K, 1 young (1024K), 0 survivors (0K)
 Metaspace       used 30925K, committed 31360K, reserved 1081344K
  class space    used 4200K, committed 4352K, reserved 1048576K
}
Event: 1916.628 GC heap after
{Heap after GC invocations=139 (full 131):
 garbage-first heap   total 37888K, used 10482K [0x00000000c1000000, 0x0000000100000000)
  region size 1024K, 0 young (0K), 0 survivors (0K)
 Metaspace       used 30925K, committed 31360K, reserved 1081344K
  class space    used 4200K, committed 4352K, reserved 1048576K
}

